<?xml version="1.0" encoding="UTF-8"?>
<robot generator="Robot 3.1.2 (Python 3.6.5 on win32)" generated="20200205 21:11:27.852" rpa="false">
<suite id="s1" name="Tester" source="C:\Users\anane\PycharmProjects\WebTesting\tester.robot">
<test id="s1-t1" name="Test Button Click">
<kw name="Open Browser" library="SeleniumLibrary">
<doc>Opens a new browser instance to the optional ``url``.</doc>
<arguments>
<arg>${URL}</arg>
<arg>${Browser}</arg>
</arguments>
<msg timestamp="20200205 21:11:28.151" level="INFO">Opening browser 'Chrome' to base url 'http://192.168.0.101:3000'.</msg>
<status status="PASS" starttime="20200205 21:11:28.151" endtime="20200205 21:11:34.789"></status>
</kw>
<kw name="Maximize Browser Window" library="SeleniumLibrary">
<doc>Maximizes current browser window.</doc>
<status status="PASS" starttime="20200205 21:11:34.789" endtime="20200205 21:11:39.385"></status>
</kw>
<kw name="Click Button" library="SeleniumLibrary">
<doc>Clicks the button identified by ``locator``.</doc>
<arguments>
<arg>name:exer-button-0</arg>
</arguments>
<msg timestamp="20200205 21:11:39.387" level="INFO">Clicking button 'name:exer-button-0'.</msg>
<status status="PASS" starttime="20200205 21:11:39.386" endtime="20200205 21:11:40.055"></status>
</kw>
<status status="PASS" starttime="20200205 21:11:28.150" endtime="20200205 21:11:40.057" critical="yes"></status>
</test>
<status status="PASS" starttime="20200205 21:11:27.855" endtime="20200205 21:11:40.062"></status>
</suite>
<statistics>
<total>
<stat pass="1" fail="0">Critical Tests</stat>
<stat pass="1" fail="0">All Tests</stat>
</total>
<tag>
</tag>
<suite>
<stat pass="1" fail="0" id="s1" name="Tester">Tester</stat>
</suite>
</statistics>
<errors>
</errors>
</robot>
